#
# There is insufficient memory for the Java Runtime Environment to continue.
# Native memory allocation (malloc) failed to allocate 1692016 bytes for Chunk::new
# Possible reasons:
#   The system is out of physical RAM or swap space
#   The process is running with CompressedOops enabled, and the Java Heap may be blocking the growth of the native heap
# Possible solutions:
#   Reduce memory load on the system
#   Increase physical memory or swap space
#   Check if swap backing store is full
#   Decrease Java heap size (-Xmx/-Xms)
#   Decrease number of Java threads
#   Decrease Java thread stack sizes (-Xss)
#   Set larger code cache with -XX:ReservedCodeCacheSize=
#   JVM is running with Zero Based Compressed Oops mode in which the Java heap is
#     placed in the first 32GB address space. The Java Heap base address is the
#     maximum limit for the native heap growth. Please use -XX:HeapBaseMinAddress
#     to set the Java Heap base and to place the Java Heap above 32GB virtual address.
# This output file may be truncated or incomplete.
#
#  Out of Memory Error (./open/src/hotspot/share/memory/arena.cpp:195), pid=2268, tid=14868
#
# JRE version: Java(TM) SE Runtime Environment (15.0.2+7) (build 15.0.2+7-27)
# Java VM: Java HotSpot(TM) 64-Bit Server VM (15.0.2+7-27, mixed mode, sharing, tiered, compressed oops, g1 gc, windows-amd64)
# No core dump will be written. Minidumps are not enabled by default on client versions of Windows
#

---------------  S U M M A R Y ------------

Command Line: -XX:+ShowCodeDetailsInExceptionMessages -agentlib:jdwp=transport=dt_socket,suspend=y,address=localhost:61169 -javaagent:C:\Users\surac\eclipse\java-2021-03\eclipse\configuration\org.eclipse.osgi\222\0\.cp\lib\javaagent-shaded.jar -Dfile.encoding=Cp1252 week4.day1.assignment.Tables

Host: 11th Gen Intel(R) Core(TM) i7-1185G7 @ 3.00GHz, 8 cores, 15G,  Windows 10 , 64 bit Build 19041 (10.0.19041.928)
Time: Sat May 29 21:40:30 2021 Eastern Daylight Time elapsed time: 2.354769 seconds (0d 0h 0m 2s)

---------------  T H R E A D  ---------------

Current thread (0x00000192b7bfa160):  JavaThread "C2 CompilerThread0" daemon [_thread_in_native, id=14868, stack(0x0000001ee5500000,0x0000001ee5600000)]


Current CompileTask:
C2:   2354 2042       4       org.eclipse.jdt.launching.internal.org.objectweb.asm.ClassWriter::toByteArray (1535 bytes)

Stack: [0x0000001ee5500000,0x0000001ee5600000]
Native frames: (J=compiled Java code, j=interpreted, Vv=VM code, C=native code)
V  [jvm.dll+0x62ae9a]
V  [jvm.dll+0x7817a9]
V  [jvm.dll+0x782f03]
V  [jvm.dll+0x783563]
V  [jvm.dll+0x216325]
V  [jvm.dll+0x97f3a]
V  [jvm.dll+0x9861c]
V  [jvm.dll+0x32e2a8]
V  [jvm.dll+0x18e1ba]
V  [jvm.dll+0x1ea822]
V  [jvm.dll+0x1e996e]
V  [jvm.dll+0x178567]
V  [jvm.dll+0x1f9225]
V  [jvm.dll+0x1f72cc]
V  [jvm.dll+0x74495d]
V  [jvm.dll+0x73d75a]
V  [jvm.dll+0x629c56]
C  [ucrtbase.dll+0x21bb2]
C  [KERNEL32.DLL+0x17034]
C  [ntdll.dll+0x52651]


---------------  P R O C E S S  ---------------

Threads class SMR info:
_java_thread_list=0x00000192bb3f1760, length=23, elements={
0x0000019291eace80, 0x00000192b73ce760, 0x00000192b7bd5c40, 0x00000192b7bee9c0,
0x00000192b7befb20, 0x00000192b7bf1ee0, 0x00000192b7bfa160, 0x00000192b7bfb3b0,
0x00000192b7bff4b0, 0x00000192b7bf3220, 0x00000192b7d8a680, 0x00000192b7d8d150,
0x00000192b7d8d9d0, 0x00000192b7bf23b0, 0x00000192b7bf4a30, 0x00000192b7bf3bc0,
0x00000192b7bf4560, 0x00000192b7bf2880, 0x00000192b7bf4f00, 0x00000192b7bf1540,
0x00000192b7bf1a10, 0x00000192b7bf2d50, 0x00000192bb845f90
}

Java Threads: ( => current thread )
  0x0000019291eace80 JavaThread "Forwarding newSession on session null to remote" [_thread_in_native, id=30512, stack(0x0000001ee4900000,0x0000001ee4a00000)]
  0x00000192b73ce760 JavaThread "Reference Handler" daemon [_thread_blocked, id=35628, stack(0x0000001ee5000000,0x0000001ee5100000)]
  0x00000192b7bd5c40 JavaThread "Finalizer" daemon [_thread_blocked, id=24548, stack(0x0000001ee5100000,0x0000001ee5200000)]
  0x00000192b7bee9c0 JavaThread "Signal Dispatcher" daemon [_thread_blocked, id=15624, stack(0x0000001ee5200000,0x0000001ee5300000)]
  0x00000192b7befb20 JavaThread "Attach Listener" daemon [_thread_blocked, id=25748, stack(0x0000001ee5300000,0x0000001ee5400000)]
  0x00000192b7bf1ee0 JavaThread "Service Thread" daemon [_thread_blocked, id=17336, stack(0x0000001ee5400000,0x0000001ee5500000)]
=>0x00000192b7bfa160 JavaThread "C2 CompilerThread0" daemon [_thread_in_native, id=14868, stack(0x0000001ee5500000,0x0000001ee5600000)]
  0x00000192b7bfb3b0 JavaThread "C1 CompilerThread0" daemon [_thread_blocked, id=33940, stack(0x0000001ee5600000,0x0000001ee5700000)]
  0x00000192b7bff4b0 JavaThread "Sweeper thread" daemon [_thread_blocked, id=4004, stack(0x0000001ee5700000,0x0000001ee5800000)]
  0x00000192b7bf3220 JavaThread "Common-Cleaner" daemon [_thread_blocked, id=11584, stack(0x0000001ee5800000,0x0000001ee5900000)]
  0x00000192b7d8a680 JavaThread "JDWP Transport Listener: dt_socket" daemon [_thread_blocked, id=2300, stack(0x0000001ee5900000,0x0000001ee5a00000)]
  0x00000192b7d8d150 JavaThread "JDWP Event Helper Thread" daemon [_thread_blocked, id=22624, stack(0x0000001ee5a00000,0x0000001ee5b00000)]
  0x00000192b7d8d9d0 JavaThread "JDWP Command Reader" daemon [_thread_in_native, id=36244, stack(0x0000001ee5b00000,0x0000001ee5c00000)]
  0x00000192b7bf23b0 JavaThread "Notification Thread" daemon [_thread_blocked, id=36996, stack(0x0000001ee5d00000,0x0000001ee5e00000)]
  0x00000192b7bf4a30 JavaThread "ForkJoinPool.commonPool-worker-3" daemon [_thread_blocked, id=29492, stack(0x0000001ee6500000,0x0000001ee6600000)]
  0x00000192b7bf3bc0 JavaThread "AsyncHttpClient-timer-1-1" [_thread_blocked, id=22352, stack(0x0000001ee6600000,0x0000001ee6700000)]
  0x00000192b7bf4560 JavaThread "Exec Default Executor" daemon [_thread_in_native, id=6388, stack(0x0000001ee6700000,0x0000001ee6800000)]
  0x00000192b7bf2880 JavaThread "ForkJoinPool.commonPool-worker-5" daemon [_thread_blocked, id=37132, stack(0x0000001ee6800000,0x0000001ee6900000)]
  0x00000192b7bf4f00 JavaThread "UrlChecker-2" daemon [_thread_blocked, id=19112, stack(0x0000001ee6900000,0x0000001ee6a00000)]
  0x00000192b7bf1540 JavaThread "Exec Stream Pumper" daemon [_thread_in_native, id=24464, stack(0x0000001ee6b00000,0x0000001ee6c00000)]
  0x00000192b7bf1a10 JavaThread "Exec Stream Pumper" daemon [_thread_in_native, id=36508, stack(0x0000001ee6c00000,0x0000001ee6d00000)]
  0x00000192b7bf2d50 JavaThread "Keep-Alive-Timer" daemon [_thread_blocked, id=17612, stack(0x0000001ee5c00000,0x0000001ee5d00000)]
  0x00000192bb845f90 JavaThread "C2 CompilerThread1" daemon [_thread_blocked, id=41192, stack(0x0000001ee6400000,0x0000001ee6500000)]

Other Threads:
  0x00000192b73cd840 VMThread "VM Thread" [stack: 0x0000001ee4f00000,0x0000001ee5000000] [id=17420]
  0x00000192b87dd090 WatcherThread [stack: 0x0000001ee5e00000,0x0000001ee5f00000] [id=19512]
  0x0000019291efbf40 GCTaskThread "GC Thread#0" [stack: 0x0000001ee4a00000,0x0000001ee4b00000] [id=10704]
  0x00000192b8799920 GCTaskThread "GC Thread#1" [stack: 0x0000001ee5f00000,0x0000001ee6000000] [id=26840]
  0x00000192b87962f0 GCTaskThread "GC Thread#2" [stack: 0x0000001ee6000000,0x0000001ee6100000] [id=3812]
  0x00000192b87982d0 GCTaskThread "GC Thread#3" [stack: 0x0000001ee6100000,0x0000001ee6200000] [id=22168]
  0x00000192b8796fb0 GCTaskThread "GC Thread#4" [stack: 0x0000001ee6200000,0x0000001ee6300000] [id=21176]
  0x00000192b8798f90 GCTaskThread "GC Thread#5" [stack: 0x0000001ee6300000,0x0000001ee6400000] [id=30148]
  0x0000019291f0e420 ConcurrentGCThread "G1 Main Marker" [stack: 0x0000001ee4b00000,0x0000001ee4c00000] [id=37536]
  0x0000019291f0ef20 ConcurrentGCThread "G1 Conc#0" [stack: 0x0000001ee4c00000,0x0000001ee4d00000] [id=6884]
  0x00000192b72524d0 ConcurrentGCThread "G1 Refine#0" [stack: 0x0000001ee4d00000,0x0000001ee4e00000] [id=33624]
  0x00000192b7253e90 ConcurrentGCThread "G1 Young RemSet Sampling" [stack: 0x0000001ee4e00000,0x0000001ee4f00000] [id=27048]

Threads with active compile tasks:
C2 CompilerThread0     2370 2042       4       org.eclipse.jdt.launching.internal.org.objectweb.asm.ClassWriter::toByteArray (1535 bytes)

VM state: not at safepoint (normal execution)

VM Mutex/Monitor currently owned by a thread: None

Heap address: 0x0000000704200000, size: 4030 MB, Compressed Oops mode: Zero based, Oop shift amount: 3
CDS archive(s) mapped at: [0x0000000800000000-0x0000000800b50000-0x0000000800b50000), size 11862016, SharedBaseAddress: 0x0000000800000000, ArchiveRelocationMode: 0.
Compressed class space mapped at: 0x0000000800b50000-0x0000000840b50000, size: 1073741824
Narrow klass base: 0x0000000800000000, Narrow klass shift: 3, Narrow klass range: 0x100000000

GC Precious Log:
 CPUs: 8 total, 8 available
 Memory: 16118M
 Large Page Support: Disabled
 NUMA Support: Disabled
 Compressed Oops: Enabled (Zero based)
 Heap Region Size: 2M
 Heap Min Capacity: 8M
 Heap Initial Capacity: 252M
 Heap Max Capacity: 4030M
 Pre-touch: Disabled
 Parallel Workers: 8
 Concurrent Workers: 2
 Concurrent Refinement Workers: 8
 Periodic GC: Disabled

Heap:
 garbage-first heap   total 258048K, used 59399K [0x0000000704200000, 0x0000000800000000)
  region size 2048K, 26 young (53248K), 3 survivors (6144K)
 Metaspace       used 17530K, capacity 17758K, committed 17920K, reserved 1064960K
  class space    used 1845K, capacity 1926K, committed 2048K, reserved 1048576K

Heap Regions: E=young(eden), S=young(survivor), O=old, HS=humongous(starts), HC=humongous(continues), CS=collection set, F=free, OA=open archive, CA=closed archive, TAMS=top-at-mark-start (previous, next)
|   0|0x0000000704200000, 0x0000000704400000, 0x0000000704400000|100%| O|  |TAMS 0x0000000704200000, 0x0000000704200000| Untracked 
|   1|0x0000000704400000, 0x0000000704600000, 0x0000000704600000|100%| O|  |TAMS 0x0000000704400000, 0x0000000704400000| Untracked 
|   2|0x0000000704600000, 0x0000000704800000, 0x0000000704800000|100%| O|  |TAMS 0x0000000704600000, 0x0000000704600000| Untracked 
|   3|0x0000000704800000, 0x0000000704a00000, 0x0000000704a00000|100%| O|  |TAMS 0x0000000704800000, 0x0000000704800000| Untracked 
|   4|0x0000000704a00000, 0x0000000704afaa00, 0x0000000704c00000| 48%| O|  |TAMS 0x0000000704a00000, 0x0000000704a00000| Untracked 
|   5|0x0000000704c00000, 0x0000000704c00000, 0x0000000704e00000|  0%| F|  |TAMS 0x0000000704c00000, 0x0000000704c00000| Untracked 
|   6|0x0000000704e00000, 0x0000000704e00000, 0x0000000705000000|  0%| F|  |TAMS 0x0000000704e00000, 0x0000000704e00000| Untracked 
|   7|0x0000000705000000, 0x0000000705000000, 0x0000000705200000|  0%| F|  |TAMS 0x0000000705000000, 0x0000000705000000| Untracked 
|   8|0x0000000705200000, 0x0000000705200000, 0x0000000705400000|  0%| F|  |TAMS 0x0000000705200000, 0x0000000705200000| Untracked 
|   9|0x0000000705400000, 0x0000000705400000, 0x0000000705600000|  0%| F|  |TAMS 0x0000000705400000, 0x0000000705400000| Untracked 
|  10|0x0000000705600000, 0x0000000705600000, 0x0000000705800000|  0%| F|  |TAMS 0x0000000705600000, 0x0000000705600000| Untracked 
|  11|0x0000000705800000, 0x0000000705800000, 0x0000000705a00000|  0%| F|  |TAMS 0x0000000705800000, 0x0000000705800000| Untracked 
|  12|0x0000000705a00000, 0x0000000705a00000, 0x0000000705c00000|  0%| F|  |TAMS 0x0000000705a00000, 0x0000000705a00000| Untracked 
|  13|0x0000000705c00000, 0x0000000705c00000, 0x0000000705e00000|  0%| F|  |TAMS 0x0000000705c00000, 0x0000000705c00000| Untracked 
|  14|0x0000000705e00000, 0x0000000705e00000, 0x0000000706000000|  0%| F|  |TAMS 0x0000000705e00000, 0x0000000705e00000| Untracked 
|  15|0x0000000706000000, 0x0000000706000000, 0x0000000706200000|  0%| F|  |TAMS 0x0000000706000000, 0x0000000706000000| Untracked 
|  16|0x0000000706200000, 0x0000000706200000, 0x0000000706400000|  0%| F|  |TAMS 0x0000000706200000, 0x0000000706200000| Untracked 
|  17|0x0000000706400000, 0x0000000706400000, 0x0000000706600000|  0%| F|  |TAMS 0x0000000706400000, 0x0000000706400000| Untracked 
|  18|0x0000000706600000, 0x0000000706600000, 0x0000000706800000|  0%| F|  |TAMS 0x0000000706600000, 0x0000000706600000| Untracked 
|  19|0x0000000706800000, 0x0000000706800000, 0x0000000706a00000|  0%| F|  |TAMS 0x0000000706800000, 0x0000000706800000| Untracked 
|  20|0x0000000706a00000, 0x0000000706a00000, 0x0000000706c00000|  0%| F|  |TAMS 0x0000000706a00000, 0x0000000706a00000| Untracked 
|  21|0x0000000706c00000, 0x0000000706c00000, 0x0000000706e00000|  0%| F|  |TAMS 0x0000000706c00000, 0x0000000706c00000| Untracked 
|  22|0x0000000706e00000, 0x0000000706e00000, 0x0000000707000000|  0%| F|  |TAMS 0x0000000706e00000, 0x0000000706e00000| Untracked 
|  23|0x0000000707000000, 0x0000000707000000, 0x0000000707200000|  0%| F|  |TAMS 0x0000000707000000, 0x0000000707000000| Untracked 
|  24|0x0000000707200000, 0x0000000707200000, 0x0000000707400000|  0%| F|  |TAMS 0x0000000707200000, 0x0000000707200000| Untracked 
|  25|0x0000000707400000, 0x0000000707400000, 0x0000000707600000|  0%| F|  |TAMS 0x0000000707400000, 0x0000000707400000| Untracked 
|  26|0x0000000707600000, 0x0000000707600000, 0x0000000707800000|  0%| F|  |TAMS 0x0000000707600000, 0x0000000707600000| Untracked 
|  27|0x0000000707800000, 0x0000000707800000, 0x0000000707a00000|  0%| F|  |TAMS 0x0000000707800000, 0x0000000707800000| Untracked 
|  28|0x0000000707a00000, 0x0000000707a00000, 0x0000000707c00000|  0%| F|  |TAMS 0x0000000707a00000, 0x0000000707a00000| Untracked 
|  29|0x0000000707c00000, 0x0000000707c00000, 0x0000000707e00000|  0%| F|  |TAMS 0x0000000707c00000, 0x0000000707c00000| Untracked 
|  30|0x0000000707e00000, 0x0000000707e00000, 0x0000000708000000|  0%| F|  |TAMS 0x0000000707e00000, 0x0000000707e00000| Untracked 
|  31|0x0000000708000000, 0x0000000708000000, 0x0000000708200000|  0%| F|  |TAMS 0x0000000708000000, 0x0000000708000000| Untracked 
|  32|0x0000000708200000, 0x0000000708200000, 0x0000000708400000|  0%| F|  |TAMS 0x0000000708200000, 0x0000000708200000| Untracked 
|  33|0x0000000708400000, 0x0000000708400000, 0x0000000708600000|  0%| F|  |TAMS 0x0000000708400000, 0x0000000708400000| Untracked 
|  34|0x0000000708600000, 0x0000000708600000, 0x0000000708800000|  0%| F|  |TAMS 0x0000000708600000, 0x0000000708600000| Untracked 
|  35|0x0000000708800000, 0x0000000708800000, 0x0000000708a00000|  0%| F|  |TAMS 0x0000000708800000, 0x0000000708800000| Untracked 
|  36|0x0000000708a00000, 0x0000000708a00000, 0x0000000708c00000|  0%| F|  |TAMS 0x0000000708a00000, 0x0000000708a00000| Untracked 
|  37|0x0000000708c00000, 0x0000000708c00000, 0x0000000708e00000|  0%| F|  |TAMS 0x0000000708c00000, 0x0000000708c00000| Untracked 
|  38|0x0000000708e00000, 0x0000000708e00000, 0x0000000709000000|  0%| F|  |TAMS 0x0000000708e00000, 0x0000000708e00000| Untracked 
|  39|0x0000000709000000, 0x0000000709000000, 0x0000000709200000|  0%| F|  |TAMS 0x0000000709000000, 0x0000000709000000| Untracked 
|  40|0x0000000709200000, 0x0000000709200000, 0x0000000709400000|  0%| F|  |TAMS 0x0000000709200000, 0x0000000709200000| Untracked 
|  41|0x0000000709400000, 0x0000000709400000, 0x0000000709600000|  0%| F|  |TAMS 0x0000000709400000, 0x0000000709400000| Untracked 
|  42|0x0000000709600000, 0x0000000709600000, 0x0000000709800000|  0%| F|  |TAMS 0x0000000709600000, 0x0000000709600000| Untracked 
|  43|0x0000000709800000, 0x0000000709800000, 0x0000000709a00000|  0%| F|  |TAMS 0x0000000709800000, 0x0000000709800000| Untracked 
|  44|0x0000000709a00000, 0x0000000709a00000, 0x0000000709c00000|  0%| F|  |TAMS 0x0000000709a00000, 0x0000000709a00000| Untracked 
|  45|0x0000000709c00000, 0x0000000709c00000, 0x0000000709e00000|  0%| F|  |TAMS 0x0000000709c00000, 0x0000000709c00000| Untracked 
|  46|0x0000000709e00000, 0x0000000709e00000, 0x000000070a000000|  0%| F|  |TAMS 0x0000000709e00000, 0x0000000709e00000| Untracked 
|  47|0x000000070a000000, 0x000000070a000000, 0x000000070a200000|  0%| F|  |TAMS 0x000000070a000000, 0x000000070a000000| Untracked 
|  48|0x000000070a200000, 0x000000070a200000, 0x000000070a400000|  0%| F|  |TAMS 0x000000070a200000, 0x000000070a200000| Untracked 
|  49|0x000000070a400000, 0x000000070a400000, 0x000000070a600000|  0%| F|  |TAMS 0x000000070a400000, 0x000000070a400000| Untracked 
|  50|0x000000070a600000, 0x000000070a600000, 0x000000070a800000|  0%| F|  |TAMS 0x000000070a600000, 0x000000070a600000| Untracked 
|  51|0x000000070a800000, 0x000000070a800000, 0x000000070aa00000|  0%| F|  |TAMS 0x000000070a800000, 0x000000070a800000| Untracked 
|  52|0x000000070aa00000, 0x000000070aa00000, 0x000000070ac00000|  0%| F|  |TAMS 0x000000070aa00000, 0x000000070aa00000| Untracked 
|  53|0x000000070ac00000, 0x000000070ac00000, 0x000000070ae00000|  0%| F|  |TAMS 0x000000070ac00000, 0x000000070ac00000| Untracked 
|  54|0x000000070ae00000, 0x000000070ae00000, 0x000000070b000000|  0%| F|  |TAMS 0x000000070ae00000, 0x000000070ae00000| Untracked 
|  55|0x000000070b000000, 0x000000070b000000, 0x000000070b200000|  0%| F|  |TAMS 0x000000070b000000, 0x000000070b000000| Untracked 
|  56|0x000000070b200000, 0x000000070b200000, 0x000000070b400000|  0%| F|  |TAMS 0x000000070b200000, 0x000000070b200000| Untracked 
|  57|0x000000070b400000, 0x000000070b400000, 0x000000070b600000|  0%| F|  |TAMS 0x000000070b400000, 0x000000070b400000| Untracked 
|  58|0x000000070b600000, 0x000000070b600000, 0x000000070b800000|  0%| F|  |TAMS 0x000000070b600000, 0x000000070b600000| Untracked 
|  59|0x000000070b800000, 0x000000070b800000, 0x000000070ba00000|  0%| F|  |TAMS 0x000000070b800000, 0x000000070b800000| Untracked 
|  60|0x000000070ba00000, 0x000000070ba00000, 0x000000070bc00000|  0%| F|  |TAMS 0x000000070ba00000, 0x000000070ba00000| Untracked 
|  61|0x000000070bc00000, 0x000000070bc00000, 0x000000070be00000|  0%| F|  |TAMS 0x000000070bc00000, 0x000000070bc00000| Untracked 
|  62|0x000000070be00000, 0x000000070be00000, 0x000000070c000000|  0%| F|  |TAMS 0x000000070be00000, 0x000000070be00000| Untracked 
|  63|0x000000070c000000, 0x000000070c000000, 0x000000070c200000|  0%| F|  |TAMS 0x000000070c000000, 0x000000070c000000| Untracked 
|  64|0x000000070c200000, 0x000000070c200000, 0x000000070c400000|  0%| F|  |TAMS 0x000000070c200000, 0x000000070c200000| Untracked 
|  65|0x000000070c400000, 0x000000070c400000, 0x000000070c600000|  0%| F|  |TAMS 0x000000070c400000, 0x000000070c400000| Untracked 
|  66|0x000000070c600000, 0x000000070c600000, 0x000000070c800000|  0%| F|  |TAMS 0x000000070c600000, 0x000000070c600000| Untracked 
|  67|0x000000070c800000, 0x000000070c800000, 0x000000070ca00000|  0%| F|  |TAMS 0x000000070c800000, 0x000000070c800000| Untracked 
|  68|0x000000070ca00000, 0x000000070ca00000, 0x000000070cc00000|  0%| F|  |TAMS 0x000000070ca00000, 0x000000070ca00000| Untracked 
|  69|0x000000070cc00000, 0x000000070cc00000, 0x000000070ce00000|  0%| F|  |TAMS 0x000000070cc00000, 0x000000070cc00000| Untracked 
|  70|0x000000070ce00000, 0x000000070ce00000, 0x000000070d000000|  0%| F|  |TAMS 0x000000070ce00000, 0x000000070ce00000| Untracked 
|  71|0x000000070d000000, 0x000000070d000000, 0x000000070d200000|  0%| F|  |TAMS 0x000000070d000000, 0x000000070d000000| Untracked 
|  72|0x000000070d200000, 0x000000070d200000, 0x000000070d400000|  0%| F|  |TAMS 0x000000070d200000, 0x000000070d200000| Untracked 
|  73|0x000000070d400000, 0x000000070d400000, 0x000000070d600000|  0%| F|  |TAMS 0x000000070d400000, 0x000000070d400000| Untracked 
|  74|0x000000070d600000, 0x000000070d600000, 0x000000070d800000|  0%| F|  |TAMS 0x000000070d600000, 0x000000070d600000| Untracked 
|  75|0x000000070d800000, 0x000000070d800000, 0x000000070da00000|  0%| F|  |TAMS 0x000000070d800000, 0x000000070d800000| Untracked 
|  76|0x000000070da00000, 0x000000070da00000, 0x000000070dc00000|  0%| F|  |TAMS 0x000000070da00000, 0x000000070da00000| Untracked 
|  77|0x000000070dc00000, 0x000000070dc00000, 0x000000070de00000|  0%| F|  |TAMS 0x000000070dc00000, 0x000000070dc00000| Untracked 
|  78|0x000000070de00000, 0x000000070de00000, 0x000000070e000000|  0%| F|  |TAMS 0x000000070de00000, 0x000000070de00000| Untracked 
|  79|0x000000070e000000, 0x000000070e000000, 0x000000070e200000|  0%| F|  |TAMS 0x000000070e000000, 0x000000070e000000| Untracked 
|  80|0x000000070e200000, 0x000000070e200000, 0x000000070e400000|  0%| F|  |TAMS 0x000000070e200000, 0x000000070e200000| Untracked 
|  81|0x000000070e400000, 0x000000070e400000, 0x000000070e600000|  0%| F|  |TAMS 0x000000070e400000, 0x000000070e400000| Untracked 
|  82|0x000000070e600000, 0x000000070e600000, 0x000000070e800000|  0%| F|  |TAMS 0x000000070e600000, 0x000000070e600000| Untracked 
|  83|0x000000070e800000, 0x000000070e800000, 0x000000070ea00000|  0%| F|  |TAMS 0x000000070e800000, 0x000000070e800000| Untracked 
|  84|0x000000070ea00000, 0x000000070ea00000, 0x000000070ec00000|  0%| F|  |TAMS 0x000000070ea00000, 0x000000070ea00000| Untracked 
|  85|0x000000070ec00000, 0x000000070ec00000, 0x000000070ee00000|  0%| F|  |TAMS 0x000000070ec00000, 0x000000070ec00000| Untracked 
|  86|0x000000070ee00000, 0x000000070ee00000, 0x000000070f000000|  0%| F|  |TAMS 0x000000070ee00000, 0x000000070ee00000| Untracked 
|  87|0x000000070f000000, 0x000000070f000000, 0x000000070f200000|  0%| F|  |TAMS 0x000000070f000000, 0x000000070f000000| Untracked 
|  88|0x000000070f200000, 0x000000070f200000, 0x000000070f400000|  0%| F|  |TAMS 0x000000070f200000, 0x000000070f200000| Untracked 
|  89|0x000000070f400000, 0x000000070f400000, 0x000000070f600000|  0%| F|  |TAMS 0x000000070f400000, 0x000000070f400000| Untracked 
|  90|0x000000070f600000, 0x000000070f600000, 0x000000070f800000|  0%| F|  |TAMS 0x000000070f600000, 0x000000070f600000| Untracked 
|  91|0x000000070f800000, 0x000000070f800000, 0x000000070fa00000|  0%| F|  |TAMS 0x000000070f800000, 0x000000070f800000| Untracked 
|  92|0x000000070fa00000, 0x000000070fa00000, 0x000000070fc00000|  0%| F|  |TAMS 0x000000070fa00000, 0x000000070fa00000| Untracked 
|  93|0x000000070fc00000, 0x000000070fc00000, 0x000000070fe00000|  0%| F|  |TAMS 0x000000070fc00000, 0x000000070fc00000| Untracked 
|  94|0x000000070fe00000, 0x000000070fe00000, 0x0000000710000000|  0%| F|  |TAMS 0x000000070fe00000, 0x000000070fe00000| Untracked 
|  95|0x0000000710000000, 0x0000000710000000, 0x0000000710200000|  0%| F|  |TAMS 0x0000000710000000, 0x0000000710000000| Untracked 
|  96|0x0000000710200000, 0x0000000710200000, 0x0000000710400000|  0%| F|  |TAMS 0x0000000710200000, 0x0000000710200000| Untracked 
|  97|0x0000000710400000, 0x0000000710400000, 0x0000000710600000|  0%| F|  |TAMS 0x0000000710400000, 0x0000000710400000| Untracked 
|  98|0x0000000710600000, 0x0000000710600000, 0x0000000710800000|  0%| F|  |TAMS 0x0000000710600000, 0x0000000710600000| Untracked 
|  99|0x0000000710800000, 0x00000007109075b0, 0x0000000710a00000| 51%| S|CS|TAMS 0x0000000710800000, 0x0000000710800000| Complete 
| 100|0x0000000710a00000, 0x0000000710c00000, 0x0000000710c00000|100%| S|CS|TAMS 0x0000000710a00000, 0x0000000710a00000| Complete 
| 101|0x0000000710c00000, 0x0000000710e00000, 0x0000000710e00000|100%| S|CS|TAMS 0x0000000710c00000, 0x0000000710c00000| Complete 
| 102|0x0000000710e00000, 0x0000000710e00000, 0x0000000711000000|  0%| F|  |TAMS 0x0000000710e00000, 0x0000000710e00000| Untracked 
| 103|0x0000000711000000, 0x0000000711100800, 0x0000000711200000| 50%| E|  |TAMS 0x0000000711000000, 0x0000000711000000| Complete 
| 104|0x0000000711200000, 0x0000000711400000, 0x0000000711400000|100%| E|CS|TAMS 0x0000000711200000, 0x0000000711200000| Complete 
| 105|0x0000000711400000, 0x0000000711600000, 0x0000000711600000|100%| E|CS|TAMS 0x0000000711400000, 0x0000000711400000| Complete 
| 106|0x0000000711600000, 0x0000000711800000, 0x0000000711800000|100%| E|CS|TAMS 0x0000000711600000, 0x0000000711600000| Complete 
| 107|0x0000000711800000, 0x0000000711a00000, 0x0000000711a00000|100%| E|CS|TAMS 0x0000000711800000, 0x0000000711800000| Complete 
| 108|0x0000000711a00000, 0x0000000711c00000, 0x0000000711c00000|100%| E|CS|TAMS 0x0000000711a00000, 0x0000000711a00000| Complete 
| 109|0x0000000711c00000, 0x0000000711e00000, 0x0000000711e00000|100%| E|CS|TAMS 0x0000000711c00000, 0x0000000711c00000| Complete 
| 110|0x0000000711e00000, 0x0000000712000000, 0x0000000712000000|100%| E|CS|TAMS 0x0000000711e00000, 0x0000000711e00000| Complete 
| 111|0x0000000712000000, 0x0000000712200000, 0x0000000712200000|100%| E|CS|TAMS 0x0000000712000000, 0x0000000712000000| Complete 
| 112|0x0000000712200000, 0x0000000712400000, 0x0000000712400000|100%| E|CS|TAMS 0x0000000712200000, 0x0000000712200000| Complete 
| 113|0x0000000712400000, 0x0000000712600000, 0x0000000712600000|100%| E|CS|TAMS 0x0000000712400000, 0x0000000712400000| Complete 
| 114|0x0000000712600000, 0x0000000712800000, 0x0000000712800000|100%| E|CS|TAMS 0x0000000712600000, 0x0000000712600000| Complete 
| 115|0x0000000712800000, 0x0000000712a00000, 0x0000000712a00000|100%| E|CS|TAMS 0x0000000712800000, 0x0000000712800000| Complete 
| 116|0x0000000712a00000, 0x0000000712c00000, 0x0000000712c00000|100%| E|CS|TAMS 0x0000000712a00000, 0x0000000712a00000| Complete 
| 117|0x0000000712c00000, 0x0000000712e00000, 0x0000000712e00000|100%| E|CS|TAMS 0x0000000712c00000, 0x0000000712c00000| Complete 
| 118|0x0000000712e00000, 0x0000000713000000, 0x0000000713000000|100%| E|CS|TAMS 0x0000000712e00000, 0x0000000712e00000| Complete 
| 119|0x0000000713000000, 0x0000000713200000, 0x0000000713200000|100%| E|CS|TAMS 0x0000000713000000, 0x0000000713000000| Complete 
| 120|0x0000000713200000, 0x0000000713400000, 0x0000000713400000|100%| E|CS|TAMS 0x0000000713200000, 0x0000000713200000| Complete 
| 121|0x0000000713400000, 0x0000000713600000, 0x0000000713600000|100%| E|CS|TAMS 0x0000000713400000, 0x0000000713400000| Complete 
| 122|0x0000000713600000, 0x0000000713800000, 0x0000000713800000|100%| E|CS|TAMS 0x0000000713600000, 0x0000000713600000| Complete 
| 123|0x0000000713800000, 0x0000000713a00000, 0x0000000713a00000|100%| E|CS|TAMS 0x0000000713800000, 0x0000000713800000| Complete 
| 124|0x0000000713a00000, 0x0000000713c00000, 0x0000000713c00000|100%| E|CS|TAMS 0x0000000713a00000, 0x0000000713a00000| Complete 
| 125|0x0000000713c00000, 0x0000000713e00000, 0x0000000713e00000|100%| E|CS|TAMS 0x0000000713c00000, 0x0000000713c00000| Complete 

Card table byte_map: [0x00000192abb00000,0x00000192ac2e0000] _byte_map_base: 0x00000192a82df000

Marking Bits (Prev, Next): (CMBitMap*) 0x0000019291efc6c0, (CMBitMap*) 0x0000019291efc700
 Prev Bits: [0x00000192acac0000, 0x00000192b09b8000)
 Next Bits: [0x00000192b09c0000, 0x00000192b48b8000)

Polling page: 0x0000019291f70000

Metaspace:

Usage:
  Non-class:     15.52 MB capacity,    15.36 MB ( 99%) used,   152.27 KB ( <1%) free+waste,    17.94 KB ( <1%) overhead. 
      Class:      1.88 MB capacity,     1.82 MB ( 97%) used,    58.88 KB (  3%) free+waste,     6.56 KB ( <1%) overhead. 
       Both:     17.40 MB capacity,    17.17 MB ( 99%) used,   211.16 KB (  1%) free+waste,    24.50 KB ( <1%) overhead. 

Virtual space:
  Non-class space:       18.00 MB reserved,      15.75 MB ( 88%) committed 
      Class space:        1.00 GB reserved,       2.00 MB ( <1%) committed 
             Both:        1.02 GB reserved,      17.75 MB (  2%) committed 

Chunk freelists:
   Non-Class:  40.00 KB
       Class:  26.00 KB
        Both:  66.00 KB

MaxMetaspaceSize: 17179869184.00 GB
CompressedClassSpaceSize: 1.00 GB

CodeHeap 'non-profiled nmethods': size=120000Kb used=1362Kb max_used=1362Kb free=118637Kb
 bounds [0x00000192a3390000, 0x00000192a3600000, 0x00000192aa8c0000]
CodeHeap 'profiled nmethods': size=120000Kb used=4622Kb max_used=4622Kb free=115377Kb
 bounds [0x000001929be60000, 0x000001929c2f0000, 0x00000192a3390000]
CodeHeap 'non-nmethods': size=5760Kb used=1344Kb max_used=1431Kb free=4415Kb
 bounds [0x000001929b8c0000, 0x000001929bb30000, 0x000001929be60000]
 total_blobs=2630 nmethods=2113 adapters=429
 compilation: enabled
              stopped_count=0, restarted_count=0
 full_count=0

Compilation events (20 events):
Event: 2.341 Thread 0x00000192b7bfb3b0 2106       3       java.util.stream.AbstractPipeline::wrapAndCopyInto (18 bytes)
Event: 2.342 Thread 0x00000192b7bfb3b0 nmethod 2106 0x000001929c2dcb10 code [0x000001929c2dcd00, 0x000001929c2dd108]
Event: 2.342 Thread 0x00000192b7bfb3b0 2107       3       java.util.stream.Sink::end (1 bytes)
Event: 2.342 Thread 0x00000192b7bfb3b0 nmethod 2107 0x000001929c2dd290 code [0x000001929c2dd420, 0x000001929c2dd518]
Event: 2.342 Thread 0x00000192b7bfb3b0 2108       3       java.util.Spliterator::getExactSizeIfKnown (25 bytes)
Event: 2.342 Thread 0x00000192b7bfb3b0 nmethod 2108 0x000001929c2dd590 code [0x000001929c2dd740, 0x000001929c2dda38]
Event: 2.342 Thread 0x00000192b7bfb3b0 2109       3       java.lang.Exception::<init> (6 bytes)
Event: 2.342 Thread 0x00000192b7bfb3b0 nmethod 2109 0x000001929c2ddb10 code [0x000001929c2ddce0, 0x000001929c2de128]
Event: 2.342 Thread 0x00000192b7bfb3b0 2112       3       java.nio.charset.CoderResult::isOverflow (14 bytes)
Event: 2.343 Thread 0x00000192b7bfb3b0 nmethod 2112 0x000001929c2de210 code [0x000001929c2de3a0, 0x000001929c2de4f8]
Event: 2.343 Thread 0x00000192b7bfb3b0 2110       3       java.util.Collections$UnmodifiableMap$UnmodifiableEntrySet$UnmodifiableEntry::<init> (16 bytes)
Event: 2.343 Thread 0x00000192b7bfb3b0 nmethod 2110 0x000001929c2de590 code [0x000001929c2de760, 0x000001929c2deba8]
Event: 2.343 Thread 0x00000192b7bfb3b0 2113       3       java.util.ArrayDeque::addFirst (51 bytes)
Event: 2.343 Thread 0x00000192b7bfb3b0 nmethod 2113 0x000001929c2ded10 code [0x000001929c2def00, 0x000001929c2df3f8]
Event: 2.343 Thread 0x00000192b7bfb3b0 2115       3       sun.nio.cs.UTF_8::updatePositions (23 bytes)
Event: 2.343 Thread 0x00000192b7bfb3b0 nmethod 2115 0x000001929c2df590 code [0x000001929c2df760, 0x000001929c2dfb98]
Event: 2.343 Thread 0x00000192b7bfb3b0 2114       3       java.util.ArrayDeque::dec (13 bytes)
Event: 2.343 Thread 0x00000192b7bfb3b0 nmethod 2114 0x000001929c2dfd10 code [0x000001929c2dfea0, 0x000001929c2dffb8]
Event: 2.343 Thread 0x00000192b7bfb3b0 2111       3       java.util.Collections$UnmodifiableMap$UnmodifiableEntrySet$UnmodifiableEntry::getKey (10 bytes)
Event: 2.343 Thread 0x00000192b7bfb3b0 nmethod 2111 0x000001929c2e0090 code [0x000001929c2e0240, 0x000001929c2e0408]

GC Heap History (6 events):
Event: 0.655 GC heap before
{Heap before GC invocations=0 (full 0):
 garbage-first heap   total 258048K, used 20480K [0x0000000704200000, 0x0000000800000000)
  region size 2048K, 11 young (22528K), 0 survivors (0K)
 Metaspace       used 3290K, capacity 4998K, committed 5120K, reserved 1056768K
  class space    used 278K, capacity 429K, committed 512K, reserved 1048576K
}
Event: 0.658 GC heap after
{Heap after GC invocations=1 (full 0):
 garbage-first heap   total 258048K, used 8982K [0x0000000704200000, 0x0000000800000000)
  region size 2048K, 2 young (4096K), 2 survivors (4096K)
 Metaspace       used 3290K, capacity 4998K, committed 5120K, reserved 1056768K
  class space    used 278K, capacity 429K, committed 512K, reserved 1048576K
}
Event: 0.907 GC heap before
{Heap before GC invocations=1 (full 0):
 garbage-first heap   total 258048K, used 27414K [0x0000000704200000, 0x0000000800000000)
  region size 2048K, 11 young (22528K), 2 survivors (4096K)
 Metaspace       used 6222K, capacity 6379K, committed 6656K, reserved 1056768K
  class space    used 583K, capacity 651K, committed 768K, reserved 1048576K
}
Event: 0.910 GC heap after
{Heap after GC invocations=2 (full 0):
 garbage-first heap   total 258048K, used 11437K [0x0000000704200000, 0x0000000800000000)
  region size 2048K, 2 young (4096K), 2 survivors (4096K)
 Metaspace       used 6222K, capacity 6379K, committed 6656K, reserved 1056768K
  class space    used 583K, capacity 651K, committed 768K, reserved 1048576K
}
Event: 1.441 GC heap before
{Heap before GC invocations=2 (full 0):
 garbage-first heap   total 258048K, used 54445K [0x0000000704200000, 0x0000000800000000)
  region size 2048K, 24 young (49152K), 2 survivors (4096K)
 Metaspace       used 11506K, capacity 11666K, committed 11904K, reserved 1060864K
  class space    used 1064K, capacity 1112K, committed 1152K, reserved 1048576K
}
Event: 1.444 GC heap after
{Heap after GC invocations=3 (full 0):
 garbage-first heap   total 258048K, used 14343K [0x0000000704200000, 0x0000000800000000)
  region size 2048K, 3 young (6144K), 3 survivors (6144K)
 Metaspace       used 11506K, capacity 11666K, committed 11904K, reserved 1060864K
  class space    used 1064K, capacity 1112K, committed 1152K, reserved 1048576K
}

Deoptimization events (20 events):
Event: 1.599 Thread 0x00000192b7bf4a30 Uncommon trap: trap_request=0xffffffde fr.pc=0x00000192a34af648 relative=0x0000000000000128
Event: 1.599 Thread 0x00000192b7bf4a30 Uncommon trap: reason=class_check action=maybe_recompile pc=0x00000192a34af648 method=jdk.internal.misc.Unsafe.allocateUninitializedArray(Ljava/lang/Class;I)Ljava/lang/Object; @ 51 c2
Event: 1.599 Thread 0x00000192b7bf4a30 DEOPT PACKING pc=0x00000192a34af648 sp=0x0000001ee65fd9e0
Event: 1.599 Thread 0x00000192b7bf4a30 DEOPT UNPACKING pc=0x000001929b8c852f sp=0x0000001ee65fd968 mode 2
Event: 1.599 Thread 0x0000019291eace80 Uncommon trap: trap_request=0xffffffde fr.pc=0x00000192a34af648 relative=0x0000000000000128
Event: 1.599 Thread 0x0000019291eace80 Uncommon trap: reason=class_check action=maybe_recompile pc=0x00000192a34af648 method=jdk.internal.misc.Unsafe.allocateUninitializedArray(Ljava/lang/Class;I)Ljava/lang/Object; @ 51 c2
Event: 1.599 Thread 0x0000019291eace80 DEOPT PACKING pc=0x00000192a34af648 sp=0x0000001ee49fdc00
Event: 1.599 Thread 0x0000019291eace80 DEOPT UNPACKING pc=0x000001929b8c852f sp=0x0000001ee49fdb88 mode 2
Event: 1.599 Thread 0x00000192b7bf4a30 Uncommon trap: trap_request=0xffffffde fr.pc=0x00000192a34af648 relative=0x0000000000000128
Event: 1.599 Thread 0x00000192b7bf4a30 Uncommon trap: reason=class_check action=maybe_recompile pc=0x00000192a34af648 method=jdk.internal.misc.Unsafe.allocateUninitializedArray(Ljava/lang/Class;I)Ljava/lang/Object; @ 51 c2
Event: 1.599 Thread 0x00000192b7bf4a30 DEOPT PACKING pc=0x00000192a34af648 sp=0x0000001ee65fd6b0
Event: 1.599 Thread 0x00000192b7bf4a30 DEOPT UNPACKING pc=0x000001929b8c852f sp=0x0000001ee65fd638 mode 2
Event: 1.599 Thread 0x00000192b7bf4a30 Uncommon trap: trap_request=0xffffffde fr.pc=0x00000192a34af648 relative=0x0000000000000128
Event: 1.599 Thread 0x00000192b7bf4a30 Uncommon trap: reason=class_check action=maybe_recompile pc=0x00000192a34af648 method=jdk.internal.misc.Unsafe.allocateUninitializedArray(Ljava/lang/Class;I)Ljava/lang/Object; @ 51 c2
Event: 1.599 Thread 0x00000192b7bf4a30 DEOPT PACKING pc=0x00000192a34af648 sp=0x0000001ee65fd7b0
Event: 1.599 Thread 0x00000192b7bf4a30 DEOPT UNPACKING pc=0x000001929b8c852f sp=0x0000001ee65fd738 mode 2
Event: 2.143 Thread 0x0000019291eace80 Uncommon trap: trap_request=0xffffff45 fr.pc=0x00000192a348ba38 relative=0x0000000000003e78
Event: 2.143 Thread 0x0000019291eace80 Uncommon trap: reason=unstable_if action=reinterpret pc=0x00000192a348ba38 method=org.eclipse.jdt.launching.internal.org.objectweb.asm.MethodWriter.putMethodInfo(Lorg/eclipse/jdt/launching/internal/org/objectweb/asm/ByteVector;)V @ 170 c2
Event: 2.143 Thread 0x0000019291eace80 DEOPT PACKING pc=0x00000192a348ba38 sp=0x0000001ee49f8e00
Event: 2.143 Thread 0x0000019291eace80 DEOPT UNPACKING pc=0x000001929b8c852f sp=0x0000001ee49f8de8 mode 2

Classes unloaded (0 events):
No events

Classes redefined (0 events):
No events

Internal exceptions (20 events):
Event: 1.034 Thread 0x0000019291eace80 Exception <a 'java/lang/NoSuchMethodError'{0x0000000712f7b0d8}: 'java.lang.Object java.lang.invoke.Invokers$Holder.linkToTargetMethod(java.lang.Object, long, java.lang.Object)'> (0x0000000712f7b0d8) 
thrown [./open/src/hotspot/share/interpreter/linkResolver.cpp, line 782]
Event: 1.307 Thread 0x0000019291eace80 Exception <a 'java/net/SocketException'{0x000000071251a120}: Socket is not connected: shutdown> (0x000000071251a120) 
thrown [./open/src/hotspot/share/prims/jni.cpp, line 599]
Event: 1.403 Thread 0x0000019291eace80 Exception <a 'java/lang/NoClassDefFoundError'{0x0000000711355c88}: org/apache/logging/log4j/spi/ExtendedLoggerWrapper> (0x0000000711355c88) 
thrown [./open/src/hotspot/share/classfile/systemDictionary.cpp, line 284]
Event: 1.405 Thread 0x0000019291eace80 Exception <a 'java/lang/NoClassDefFoundError'{0x000000071136f4a8}: org/apache/log4j/Priority> (0x000000071136f4a8) 
thrown [./open/src/hotspot/share/classfile/systemDictionary.cpp, line 284]
Event: 1.433 Thread 0x0000019291eace80 Exception <a 'java/lang/NoSuchMethodError'{0x0000000710f5bdf8}: 'java.lang.Object java.lang.invoke.DirectMethodHandle$Holder.invokeStaticInit(java.lang.Object, java.lang.Object, java.lang.Object)'> (0x0000000710f5bdf8) 
thrown [./open/src/hotspot/share/interpreter/linkResolver.cpp, line 782]
Event: 1.437 Thread 0x0000019291eace80 Exception <a 'java/lang/NoSuchMethodError'{0x0000000710f86fc8}: 'int java.lang.invoke.DirectMethodHandle$Holder.invokeSpecial(java.lang.Object, java.lang.Object, java.lang.Object)'> (0x0000000710f86fc8) 
thrown [./open/src/hotspot/share/interpreter/linkResolver.cpp, line 782]
Event: 1.569 Thread 0x0000019291eace80 Exception <a 'java/lang/NoSuchMethodError'{0x00000007128f12a0}: 'java.lang.Object java.lang.invoke.DirectMethodHandle$Holder.invokeSpecialIFC(java.lang.Object, java.lang.Object, java.lang.Object, java.lang.Object)'> (0x00000007128f12a0) 
thrown [./open/src/hotspot/share/interpreter/linkResolver.cpp, line 782]
Event: 2.149 Thread 0x0000019291eace80 Exception <a 'java/lang/NoSuchMethodError'{0x0000000711fc9da0}: 'java.lang.Object java.lang.invoke.DirectMethodHandle$Holder.invokeInterface(java.lang.Object, java.lang.Object, java.lang.Object)'> (0x0000000711fc9da0) 
thrown [./open/src/hotspot/share/interpreter/linkResolver.cpp, line 782]
Event: 2.149 Thread 0x0000019291eace80 Exception <a 'java/lang/IncompatibleClassChangeError'{0x0000000711fcd390}: Found class java.lang.Object, but interface was expected> (0x0000000711fcd390) 
thrown [./open/src/hotspot/share/interpreter/linkResolver.cpp, line 848]
Event: 2.151 Thread 0x0000019291eace80 Exception <a 'java/lang/NoSuchMethodError'{0x0000000711fd6f38}: 'int java.lang.invoke.DirectMethodHandle$Holder.invokeSpecialIFC(java.lang.Object, java.lang.Object, java.lang.Object, java.lang.Object)'> (0x0000000711fd6f38) 
thrown [./open/src/hotspot/share/interpreter/linkResolver.cpp, line 782]
Event: 2.151 Thread 0x0000019291eace80 Exception <a 'java/lang/NoSuchMethodError'{0x0000000711fe0b68}: 'java.lang.Object java.lang.invoke.DirectMethodHandle$Holder.invokeInterface(java.lang.Object, java.lang.Object, java.lang.Object, java.lang.Object)'> (0x0000000711fe0b68) 
thrown [./open/src/hotspot/share/interpreter/linkResolver.cpp, line 782]
Event: 2.153 Thread 0x0000019291eace80 Exception <a 'java/lang/NoSuchMethodError'{0x0000000711ff1510}: 'void java.lang.invoke.DirectMethodHandle$Holder.invokeInterface(java.lang.Object, java.lang.Object, java.lang.Object)'> (0x0000000711ff1510) 
thrown [./open/src/hotspot/share/interpreter/linkResolver.cpp, line 782]
Event: 2.158 Thread 0x0000019291eace80 Exception <a 'java/lang/NoSuchMethodError'{0x0000000711c770f0}: 'int java.lang.invoke.DirectMethodHandle$Holder.invokeVirtual(java.lang.Object, java.lang.Object)'> (0x0000000711c770f0) 
thrown [./open/src/hotspot/share/interpreter/linkResolver.cpp, line 782]
Event: 2.158 Thread 0x0000019291eace80 Exception <a 'java/lang/NoSuchMethodError'{0x0000000711c7d978}: 'double java.lang.invoke.DirectMethodHandle$Holder.invokeVirtual(java.lang.Object, java.lang.Object)'> (0x0000000711c7d978) 
thrown [./open/src/hotspot/share/interpreter/linkResolver.cpp, line 782]
Event: 2.159 Thread 0x0000019291eace80 Exception <a 'java/lang/NoSuchMethodError'{0x0000000711c844b0}: 'float java.lang.invoke.DirectMethodHandle$Holder.invokeVirtual(java.lang.Object, java.lang.Object)'> (0x0000000711c844b0) 
thrown [./open/src/hotspot/share/interpreter/linkResolver.cpp, line 782]
Event: 2.159 Thread 0x0000019291eace80 Exception <a 'java/lang/NoSuchMethodError'{0x0000000711c8dd28}: 'long java.lang.invoke.DirectMethodHandle$Holder.invokeVirtual(java.lang.Object, java.lang.Object)'> (0x0000000711c8dd28) 
thrown [./open/src/hotspot/share/interpreter/linkResolver.cpp, line 782]
Event: 2.162 Thread 0x0000019291eace80 Exception <a 'java/lang/NoSuchMethodError'{0x0000000711cef150}: 'void java.lang.invoke.DirectMethodHandle$Holder.invokeStatic(java.lang.Object, java.lang.Object, java.lang.Object)'> (0x0000000711cef150) 
thrown [./open/src/hotspot/share/interpreter/linkResolver.cpp, line 782]
Event: 2.188 Thread 0x0000019291eace80 Exception <a 'java/lang/NoSuchMethodError'{0x0000000711b2ea58}: 'void java.lang.invoke.DirectMethodHandle$Holder.invokeSpecial(java.lang.Object, java.lang.Object, java.lang.Object, java.lang.Object, java.lang.Object)'> (0x0000000711b2ea58) 
thrown [./open/src/hotspot/share/interpreter/linkResolver.cpp, line 782]
Event: 2.220 Thread 0x0000019291eace80 Exception <a 'java/lang/NoSuchMethodError'{0x00000007118b8cc8}: 'java.lang.Object java.lang.invoke.DirectMethodHandle$Holder.newInvokeSpecial(java.lang.Object, java.lang.Object, java.lang.Object, java.lang.Object, java.lang.Object)'> (0x00000007118b8cc8) 
thrown [./open/src/hotspot/share/interpreter/linkResolver.cpp, line 782]
Event: 2.284 Thread 0x0000019291eace80 Exception <a 'java/lang/NoSuchMethodError'{0x00000007114e2a58}: 'java.lang.Object java.lang.invoke.Invokers$Holder.invokeExact_MT(java.lang.Object, java.lang.Object, java.lang.Object, java.lang.Object, java.lang.Object, java.lang.Object)'> (0x00000007114e2a58) 
thrown [./open/src/hotspot/share/interpreter/linkResolver.cpp, line 782]

Events (20 events):
Event: 2.234 loading class java/util/stream/ReferencePipeline$11 done
Event: 2.235 loading class java/util/stream/ReferencePipeline$11$1
Event: 2.235 loading class java/util/stream/ReferencePipeline$11$1 done
Event: 2.239 loading class java/util/HashMap$EntrySpliterator
Event: 2.239 loading class java/util/HashMap$EntrySpliterator done
Event: 2.263 Thread 0x00000192bb845f90 Thread added: 0x00000192bb845f90
Event: 2.272 loading class java/io/ObjectInputStream
Event: 2.273 loading class java/io/ObjectInput
Event: 2.273 loading class java/io/ObjectInput done
Event: 2.273 loading class java/io/ObjectStreamConstants
Event: 2.273 loading class java/io/ObjectStreamConstants done
Event: 2.273 loading class java/io/ObjectInputStream done
Event: 2.273 loading class java/io/ObjectOutputStream
Event: 2.273 loading class java/io/ObjectOutput
Event: 2.273 loading class java/io/ObjectOutput done
Event: 2.273 loading class java/io/ObjectOutputStream done
Event: 2.282 loading class java/util/TreeMap$EntrySpliterator
Event: 2.283 loading class java/util/TreeMap$TreeMapSpliterator
Event: 2.283 loading class java/util/TreeMap$TreeMapSpliterator done
Event: 2.283 loading class java/util/TreeMap$EntrySpliterator done


Dynamic libraries:
0x00007ff77fdf0000 - 0x00007ff77fdff000 	C:\Program Files\Java\jdk-15.0.2\bin\javaw.exe
0x00007ff997ef0000 - 0x00007ff9980e5000 	C:\Windows\SYSTEM32\ntdll.dll
0x00007ff9971d0000 - 0x00007ff99728d000 	C:\Windows\System32\KERNEL32.DLL
0x00007ff995630000 - 0x00007ff9958f8000 	C:\Windows\System32\KERNELBASE.dll
0x00007ff995a80000 - 0x00007ff995b80000 	C:\Windows\System32\ucrtbase.dll
0x00007ff98a0d0000 - 0x00007ff98a0e9000 	C:\Program Files\Java\jdk-15.0.2\bin\VCRUNTIME140.dll
0x00007ff97dd90000 - 0x00007ff97dda8000 	C:\Program Files\Java\jdk-15.0.2\bin\jli.dll
0x00007ff997d60000 - 0x00007ff997e0c000 	C:\Windows\System32\ADVAPI32.dll
0x00007ff997e10000 - 0x00007ff997eae000 	C:\Windows\System32\msvcrt.dll
0x00007ff995f50000 - 0x00007ff995feb000 	C:\Windows\System32\sechost.dll
0x00007ff996330000 - 0x00007ff99645b000 	C:\Windows\System32\RPCRT4.dll
0x00007ff995ff0000 - 0x00007ff996190000 	C:\Windows\System32\USER32.dll
0x00007ff995960000 - 0x00007ff995982000 	C:\Windows\System32\win32u.dll
0x00007ff997490000 - 0x00007ff9974ba000 	C:\Windows\System32\GDI32.dll
0x00007ff982390000 - 0x00007ff98262a000 	C:\Windows\WinSxS\amd64_microsoft.windows.common-controls_6595b64144ccf1df_6.0.19041.844_none_ca00b6081b84eb1d\COMCTL32.dll
0x00007ff995dc0000 - 0x00007ff995ecb000 	C:\Windows\System32\gdi32full.dll
0x00007ff995990000 - 0x00007ff995a2d000 	C:\Windows\System32\msvcp_win.dll
0x00007ff993ce0000 - 0x00007ff993cea000 	C:\Windows\SYSTEM32\VERSION.dll
0x00007ff9971a0000 - 0x00007ff9971d0000 	C:\Windows\System32\IMM32.DLL
0x00007ff98b280000 - 0x00007ff98b28c000 	C:\Program Files\Java\jdk-15.0.2\bin\vcruntime140_1.dll
0x00007ff95a5e0000 - 0x00007ff95a671000 	C:\Program Files\Java\jdk-15.0.2\bin\msvcp140.dll
0x00007ff9478c0000 - 0x00007ff94841e000 	C:\Program Files\Java\jdk-15.0.2\bin\server\jvm.dll
0x00007ff997c70000 - 0x00007ff997c78000 	C:\Windows\System32\PSAPI.DLL
0x00007ff986e10000 - 0x00007ff986e37000 	C:\Windows\SYSTEM32\WINMM.dll
0x00007ff981ab0000 - 0x00007ff981ab9000 	C:\Windows\SYSTEM32\WSOCK32.dll
0x00007ff9972f0000 - 0x00007ff99735b000 	C:\Windows\System32\WS2_32.dll
0x00007ff993ef0000 - 0x00007ff993f02000 	C:\Windows\SYSTEM32\kernel.appcore.dll
0x00007ff98b6c0000 - 0x00007ff98b6ca000 	C:\Program Files\Java\jdk-15.0.2\bin\jimage.dll
0x00007ff993af0000 - 0x00007ff993cd4000 	C:\Windows\SYSTEM32\DBGHELP.DLL
0x00007ff98a870000 - 0x00007ff98a89c000 	C:\Windows\SYSTEM32\dbgcore.DLL
0x00007ff995ed0000 - 0x00007ff995f50000 	C:\Windows\System32\bcryptPrimitives.dll
0x00007ff98a080000 - 0x00007ff98a0b9000 	C:\Program Files\Java\jdk-15.0.2\bin\jdwp.dll
0x00007ff990340000 - 0x00007ff99034e000 	C:\Program Files\Java\jdk-15.0.2\bin\instrument.dll
0x00007ff9756b0000 - 0x00007ff9756d5000 	C:\Program Files\Java\jdk-15.0.2\bin\java.dll
0x00007ff997520000 - 0x00007ff997c62000 	C:\Windows\System32\SHELL32.dll
0x00007ff993360000 - 0x00007ff993af0000 	C:\Windows\SYSTEM32\windows.storage.dll
0x00007ff996890000 - 0x00007ff996be5000 	C:\Windows\System32\combase.dll
0x00007ff995030000 - 0x00007ff99505c000 	C:\Windows\SYSTEM32\Wldp.dll
0x00007ff996c10000 - 0x00007ff996cbe000 	C:\Windows\System32\SHCORE.dll
0x00007ff997140000 - 0x00007ff997195000 	C:\Windows\System32\shlwapi.dll
0x00007ff995570000 - 0x00007ff99558f000 	C:\Windows\SYSTEM32\profapi.dll
0x00007ff98f660000 - 0x00007ff98f66b000 	C:\Program Files\Java\jdk-15.0.2\bin\dt_socket.dll
0x00007ff994a90000 - 0x00007ff994acb000 	C:\Windows\SYSTEM32\IPHLPAPI.DLL
0x00007ff994da0000 - 0x00007ff994e0a000 	C:\Windows\system32\mswsock.dll
0x00007ff994ad0000 - 0x00007ff994b9c000 	C:\Windows\SYSTEM32\DNSAPI.dll
0x00007ff997c80000 - 0x00007ff997c88000 	C:\Windows\System32\NSI.dll
0x00007ff98f8b0000 - 0x00007ff98f8ba000 	C:\Windows\System32\rasadhlp.dll
0x00007ff98bd90000 - 0x00007ff98be0f000 	C:\Windows\System32\fwpuclnt.dll
0x00007ff995b80000 - 0x00007ff995ba7000 	C:\Windows\System32\bcrypt.dll
0x00007ff989680000 - 0x00007ff989698000 	C:\Program Files\Java\jdk-15.0.2\bin\zip.dll
0x00007ff98b710000 - 0x00007ff98b729000 	C:\Program Files\Java\jdk-15.0.2\bin\net.dll
0x00007ff990c50000 - 0x00007ff990d5b000 	C:\Windows\SYSTEM32\WINHTTP.dll
0x00007ff98a050000 - 0x00007ff98a062000 	C:\Program Files\Java\jdk-15.0.2\bin\nio.dll
0x00007ff98bcf0000 - 0x00007ff98bd00000 	C:\Program Files\Java\jdk-15.0.2\bin\verify.dll
0x00007ff994f80000 - 0x00007ff994f98000 	C:\Windows\SYSTEM32\CRYPTSP.dll
0x00007ff994740000 - 0x00007ff994774000 	C:\Windows\system32\rsaenh.dll
0x00007ff9954f0000 - 0x00007ff99551e000 	C:\Windows\SYSTEM32\USERENV.dll
0x00007ff994f70000 - 0x00007ff994f7c000 	C:\Windows\SYSTEM32\CRYPTBASE.dll
0x00007ff98f910000 - 0x00007ff98f927000 	C:\Windows\SYSTEM32\dhcpcsvc6.DLL
0x00007ff98f8e0000 - 0x00007ff98f8fd000 	C:\Windows\SYSTEM32\dhcpcsvc.DLL
0x00007ff98bc50000 - 0x00007ff98bc59000 	C:\Program Files\Java\jdk-15.0.2\bin\management.dll
0x00007ff98bc30000 - 0x00007ff98bc3b000 	C:\Program Files\Java\jdk-15.0.2\bin\management_ext.dll
0x00007ff98bcb0000 - 0x00007ff98bcbd000 	C:\Program Files\Java\jdk-15.0.2\bin\sunmscapi.dll
0x00007ff995c60000 - 0x00007ff995dbf000 	C:\Windows\System32\CRYPT32.dll
0x00007ff9950a0000 - 0x00007ff9950c7000 	C:\Windows\SYSTEM32\ncrypt.dll
0x00007ff995060000 - 0x00007ff99509b000 	C:\Windows\SYSTEM32\NTASN1.dll

dbghelp: loaded successfully - version: 4.0.5 - missing functions: none
symbol engine: initialized successfully - sym options: 0x614 - pdb path: .;C:\Program Files\Java\jdk-15.0.2\bin;C:\Windows\SYSTEM32;C:\Windows\WinSxS\amd64_microsoft.windows.common-controls_6595b64144ccf1df_6.0.19041.844_none_ca00b6081b84eb1d;C:\Program Files\Java\jdk-15.0.2\bin\server

VM Arguments:
jvm_args: -XX:+ShowCodeDetailsInExceptionMessages -agentlib:jdwp=transport=dt_socket,suspend=y,address=localhost:61169 -javaagent:C:\Users\surac\eclipse\java-2021-03\eclipse\configuration\org.eclipse.osgi\222\0\.cp\lib\javaagent-shaded.jar -Dfile.encoding=Cp1252 
java_command: week4.day1.assignment.Tables
java_class_path (initial): C:\Users\surac\eclipse-workspace\SelMay2021\SeleniumLearning\target\classes;C:\Users\surac\.m2\repository\org\seleniumhq\selenium\selenium-java\4.0.0-alpha-6\selenium-java-4.0.0-alpha-6.jar;C:\Users\surac\.m2\repository\org\seleniumhq\selenium\selenium-api\4.0.0-alpha-6\selenium-api-4.0.0-alpha-6.jar;C:\Users\surac\.m2\repository\org\seleniumhq\selenium\selenium-chrome-driver\4.0.0-alpha-6\selenium-chrome-driver-4.0.0-alpha-6.jar;C:\Users\surac\.m2\repository\com\google\auto\service\auto-service-annotations\1.0-rc6\auto-service-annotations-1.0-rc6.jar;C:\Users\surac\.m2\repository\com\google\auto\service\auto-service\1.0-rc6\auto-service-1.0-rc6.jar;C:\Users\surac\.m2\repository\com\google\auto\auto-common\0.10\auto-common-0.10.jar;C:\Users\surac\.m2\repository\com\google\guava\guava\29.0-jre\guava-29.0-jre.jar;C:\Users\surac\.m2\repository\com\google\guava\failureaccess\1.0.1\failureaccess-1.0.1.jar;C:\Users\surac\.m2\repository\com\google\guava\listenablefuture\9999.0-empty-to-avoid-conflict-with-guava\listenablefuture-9999.0-empty-to-avoid-conflict-with-guava.jar;C:\Users\surac\.m2\repository\com\google\code\findbugs\jsr305\3.0.2\jsr305-3.0.2.jar;C:\Users\surac\.m2\repository\org\checkerframework\checker-qual\2.11.1\checker-qual-2.11.1.jar;C:\Users\surac\.m2\repository\com\google\errorprone\error_prone_annotations\2.3.4\error_prone_annotations-2.3.4.jar;C:\Users\surac\.m2\repository\com\google\j2objc\j2objc-annotations\1.3\j2objc-annotations-1.3.jar;C:\Users\surac\.m2\repository\org\seleniumhq\selenium\selenium-chromium-driver\4.0.0-alpha-6\selenium-chromium-driver-4.0.0-alpha-6.jar;C:\Users\surac\.m2\repository\org\seleniumhq\selenium\selenium-devtools\4.0.0-alpha-6\selenium-devtools-4.0.0-alpha-6.jar;C:\Users\surac\.m2\repository\org\seleniumhq\selenium\selenium-http\4.0.0-alpha-6\selenium-http-4.0.0-alpha-6.jar;C:\Users\surac\.m2\repository\org\seleniumhq\selenium\selenium-json\4.0.0-alpha-6\selenium-json-4.0.0-alpha-6.jar;C:\Users
Launcher Type: SUN_STANDARD

[Global flags]
     intx CICompilerCount                          = 4                                         {product} {ergonomic}
     uint ConcGCThreads                            = 2                                         {product} {ergonomic}
     uint G1ConcRefinementThreads                  = 8                                         {product} {ergonomic}
   size_t G1HeapRegionSize                         = 2097152                                   {product} {ergonomic}
    uintx GCDrainStackTargetSize                   = 64                                        {product} {ergonomic}
   size_t InitialHeapSize                          = 264241152                                 {product} {ergonomic}
   size_t MarkStackSize                            = 4194304                                   {product} {ergonomic}
   size_t MaxHeapSize                              = 4225761280                                {product} {ergonomic}
   size_t MaxNewSize                               = 2535456768                                {product} {ergonomic}
   size_t MinHeapDeltaBytes                        = 2097152                                   {product} {ergonomic}
   size_t MinHeapSize                              = 8388608                                   {product} {ergonomic}
    uintx NonNMethodCodeHeapSize                   = 5839372                                {pd product} {ergonomic}
    uintx NonProfiledCodeHeapSize                  = 122909434                              {pd product} {ergonomic}
    uintx ProfiledCodeHeapSize                     = 122909434                              {pd product} {ergonomic}
    uintx ReservedCodeCacheSize                    = 251658240                              {pd product} {ergonomic}
     bool SegmentedCodeCache                       = true                                      {product} {ergonomic}
     bool ShowCodeDetailsInExceptionMessages       = true                                   {manageable} {command line}
   size_t SoftMaxHeapSize                          = 4225761280                             {manageable} {ergonomic}
     bool UseCompressedClassPointers               = true                                 {lp64_product} {ergonomic}
     bool UseCompressedOops                        = true                                 {lp64_product} {ergonomic}
     bool UseG1GC                                  = true                                      {product} {ergonomic}
     bool UseLargePagesIndividualAllocation        = false                                  {pd product} {ergonomic}

Logging:
Log output configuration:
 #0: stdout all=warning uptime,level,tags
 #1: stderr all=off uptime,level,tags

Environment Variables:
JAVA_HOME=C:\Program Files\Java\jdk-15.0.2
PATH=C:/Program Files/Java/jdk-15.0.2/bin/server;C:/Program Files/Java/jdk-15.0.2/bin;C:\Program Files\Common Files\Oracle\Java\javapath;C:\Windows\system32;C:\Windows;C:\Windows\System32\Wbem;C:\Windows\System32\WindowsPowerShell\v1.0\;C:\Windows\System32\OpenSSH\;C:\Program Files\Java\jdk-15.0.2\bin;C:\Program Files\Microsoft SQL Server\Client SDK\ODBC\170\Tools\Binn\;C:\Program Files (x86)\Microsoft SQL Server\150\Tools\Binn\;C:\Program Files\Microsoft SQL Server\150\Tools\Binn\;C:\Program Files\Microsoft SQL Server\150\DTS\Binn\;C:\Program Files (x86)\Microsoft SQL Server\150\DTS\Binn\;C:\Program Files\Azure Data Studio\bin;C:\Program Files\MySQL\MySQL Shell 8.0\bin\;C:\Users\surac\AppData\Local\Microsoft\WindowsApps;;C:\Program Files\Azure Data Studio\bin;C:\Users\surac\Desktop;
USERNAME=surac
OS=Windows_NT
PROCESSOR_IDENTIFIER=Intel64 Family 6 Model 140 Stepping 1, GenuineIntel



---------------  S Y S T E M  ---------------

OS:
 Windows 10 , 64 bit Build 19041 (10.0.19041.928)
OS uptime: 17 days 12:28 hours

CPU: total 8 (initial active 8) (4 cores per cpu, 2 threads per core) family 6 model 140 stepping 1 microcode 0x66, cmov, cx8, fxsr, mmx, sse, sse2, sse3, ssse3, sse4.1, sse4.2, popcnt, vzeroupper, avx, avx2, aes, clmul, erms, 3dnowpref, lzcnt, ht, tsc, tscinvbit, bmi1, bmi2, adx, avx512f, avx512dq, avx512cd, avx512bw, avx512vl, avx512_vpopcntdq, avx512_vpclmulqdq, avx512_vbmi, avx512_vbmi2, avx512_vaes, avx512_vnni, sha, fma, clflush, clflushopt, clwb

Memory: 4k page, system-wide physical 16118M (4711M free)
TotalPageFile size 46287M (AvailPageFile size 4M)
current process WorkingSet (physical memory assigned to process): 175M, peak: 178M
current process commit charge ("private bytes"): 415M, peak: 419M

vm_info: Java HotSpot(TM) 64-Bit Server VM (15.0.2+7-27) for windows-amd64 JRE (15.0.2+7-27), built on Dec  7 2020 20:07:01 by "mach5one" with unknown MS VC++:1925

END.
